#
# There is insufficient memory for the Java Runtime Environment to continue.
# Native memory allocation (malloc) failed to allocate 1895360 bytes for Chunk::new
# Possible reasons:
#   The system is out of physical RAM or swap space
#   The process is running with CompressedOops enabled, and the Java Heap may be blocking the growth of the native heap
# Possible solutions:
#   Reduce memory load on the system
#   Increase physical memory or swap space
#   Check if swap backing store is full
#   Decrease Java heap size (-Xmx/-Xms)
#   Decrease number of Java threads
#   Decrease Java thread stack sizes (-Xss)
#   Set larger code cache with -XX:ReservedCodeCacheSize=
#   JVM is running with Unscaled Compressed Oops mode in which the Java heap is
#     placed in the first 4GB address space. The Java Heap base address is the
#     maximum limit for the native heap growth. Please use -XX:HeapBaseMinAddress
#     to set the Java Heap base and to place the Java Heap above 4GB virtual address.
# This output file may be truncated or incomplete.
#
#  Out of Memory Error (arena.cpp:189), pid=38856, tid=5436
#
# JRE version: Java(TM) SE Runtime Environment (17.0.12+8) (build 17.0.12+8-LTS-286)
# Java VM: Java HotSpot(TM) 64-Bit Server VM (17.0.12+8-LTS-286, mixed mode, sharing, tiered, compressed oops, compressed class ptrs, g1 gc, windows-amd64)
# No core dump will be written. Minidumps are not enabled by default on client versions of Windows
#

---------------  S U M M A R Y ------------

Command Line: -agentlib:jdwp=transport=dt_socket,address=127.0.0.1:61367,suspend=y,server=n -javaagent:C:\Users\ddbel\AppData\Local\JetBrains\IdeaIC2022.2\captureAgent\debugger-agent.jar=file:/C:/Users/ddbel/AppData/Local/Temp/capture.props -Dfile.encoding=UTF-8 com.franquicia.franquicia_api.FranquiciaApiApplication

Host: AMD Ryzen 5 3550H with Radeon Vega Mobile Gfx  , 8 cores, 7G,  Windows 11 , 64 bit Build 26100 (10.0.26100.6725)
Time: Wed Oct 22 13:29:02 2025 Hora est. Pacífico, Sudamérica elapsed time: 55.099282 seconds (0d 0h 0m 55s)

---------------  T H R E A D  ---------------

Current thread (0x00000263ff0f24d0):  JavaThread "C2 CompilerThread0" daemon [_thread_in_native, id=5436, stack(0x000000ca03500000,0x000000ca03600000)]


Current CompileTask:
C2:  55100 6185       4       sun.security.ec.ECOperations::setDouble (559 bytes)

Stack: [0x000000ca03500000,0x000000ca03600000]
Native frames: (J=compiled Java code, j=interpreted, Vv=VM code, C=native code)
V  [jvm.dll+0x67a04a]
V  [jvm.dll+0x7da4ed]
V  [jvm.dll+0x7dbe33]
V  [jvm.dll+0x7dc4a3]
V  [jvm.dll+0x24508f]
V  [jvm.dll+0xab773]
V  [jvm.dll+0xabd3c]
V  [jvm.dll+0x361bee]
V  [jvm.dll+0x1ba64a]
V  [jvm.dll+0x216997]
V  [jvm.dll+0x215c6f]
V  [jvm.dll+0x1a2960]
V  [jvm.dll+0x22610b]
V  [jvm.dll+0x2242ab]
V  [jvm.dll+0x79075c]
V  [jvm.dll+0x78abea]
V  [jvm.dll+0x678f35]
C  [ucrtbase.dll+0x37b0]
C  [KERNEL32.DLL+0x2e8d7]
C  [ntdll.dll+0x8c53c]


---------------  P R O C E S S  ---------------

Threads class SMR info:
_java_thread_list=0x00000263d8f308d0, length=33, elements={
0x00000263ff0d7c50, 0x00000263ff0d9090, 0x00000263ff0ec6c0, 0x00000263ff0eefa0,
0x00000263ff0f03e0, 0x00000263ff0f0cb0, 0x00000263ff0f24d0, 0x00000263ff0f5880,
0x00000263ff0f6930, 0x00000263ff3436b0, 0x00000263ff3cc3a0, 0x00000263ff3f0c80,
0x00000263ff437340, 0x00000263ff437cf0, 0x00000263d68d5460, 0x00000263d8222d60,
0x00000263d82250d0, 0x00000263d8222340, 0x00000263d8223270, 0x00000263d82255e0,
0x00000263d82246b0, 0x00000263d8223780, 0x00000263d8223c90, 0x00000263d82241a0,
0x00000263d8222850, 0x00000263d8226f30, 0x00000263d8226510, 0x00000263d8228370,
0x00000263d8226a20, 0x00000263d8227440, 0x00000263d8224bc0, 0x00000263d8228880,
0x00000263d8227950
}

Java Threads: ( => current thread )
  0x00000263ff0d7c50 JavaThread "Reference Handler" daemon [_thread_blocked, id=30912, stack(0x000000ca02f00000,0x000000ca03000000)]
  0x00000263ff0d9090 JavaThread "Finalizer" daemon [_thread_blocked, id=38320, stack(0x000000ca03000000,0x000000ca03100000)]
  0x00000263ff0ec6c0 JavaThread "Signal Dispatcher" daemon [_thread_blocked, id=14520, stack(0x000000ca03100000,0x000000ca03200000)]
  0x00000263ff0eefa0 JavaThread "Attach Listener" daemon [_thread_blocked, id=36504, stack(0x000000ca03200000,0x000000ca03300000)]
  0x00000263ff0f03e0 JavaThread "Service Thread" daemon [_thread_blocked, id=26784, stack(0x000000ca03300000,0x000000ca03400000)]
  0x00000263ff0f0cb0 JavaThread "Monitor Deflation Thread" daemon [_thread_blocked, id=25900, stack(0x000000ca03400000,0x000000ca03500000)]
=>0x00000263ff0f24d0 JavaThread "C2 CompilerThread0" daemon [_thread_in_native, id=5436, stack(0x000000ca03500000,0x000000ca03600000)]
  0x00000263ff0f5880 JavaThread "C1 CompilerThread0" daemon [_thread_blocked, id=38404, stack(0x000000ca03600000,0x000000ca03700000)]
  0x00000263ff0f6930 JavaThread "Sweeper thread" daemon [_thread_blocked, id=25324, stack(0x000000ca03700000,0x000000ca03800000)]
  0x00000263ff3436b0 JavaThread "Common-Cleaner" daemon [_thread_blocked, id=35236, stack(0x000000ca03800000,0x000000ca03900000)]
  0x00000263ff3cc3a0 JavaThread "JDWP Transport Listener: dt_socket" daemon [_thread_blocked, id=17276, stack(0x000000ca03900000,0x000000ca03a00000)]
  0x00000263ff3f0c80 JavaThread "JDWP Event Helper Thread" daemon [_thread_blocked, id=28156, stack(0x000000ca03a00000,0x000000ca03b00000)]
  0x00000263ff437340 JavaThread "JDWP Command Reader" daemon [_thread_in_native, id=22132, stack(0x000000ca03b00000,0x000000ca03c00000)]
  0x00000263ff437cf0 JavaThread "Notification Thread" daemon [_thread_blocked, id=36912, stack(0x000000ca03c00000,0x000000ca03d00000)]
  0x00000263d68d5460 JavaThread "boundedElastic-evictor-1" daemon [_thread_blocked, id=38592, stack(0x000000ca04800000,0x000000ca04900000)]
  0x00000263d8222d60 JavaThread "parallel-1" daemon [_thread_blocked, id=27848, stack(0x000000ca04a00000,0x000000ca04b00000)]
  0x00000263d82250d0 JavaThread "Live Reload Server" daemon [_thread_in_native, id=31316, stack(0x000000ca04c00000,0x000000ca04d00000)]
  0x00000263d8222340 JavaThread "File Watcher" daemon [_thread_blocked, id=29740, stack(0x000000ca04b00000,0x000000ca04c00000)]
  0x00000263d8223270 JavaThread "reactor-http-nio-1" daemon [_thread_in_native, id=36424, stack(0x000000ca04900000,0x000000ca04a00000)]
  0x00000263d82255e0 JavaThread "server" [_thread_blocked, id=1500, stack(0x000000ca04d00000,0x000000ca04e00000)]
  0x00000263d82246b0 JavaThread "DestroyJavaVM" [_thread_blocked, id=9336, stack(0x000000ca02800000,0x000000ca02900000)]
  0x00000263d8223780 JavaThread "reactor-http-nio-2" daemon [_thread_in_native, id=24040, stack(0x000000ca04500000,0x000000ca04600000)]
  0x00000263d8223c90 JavaThread "reactor-http-nio-3" daemon [_thread_in_native, id=18168, stack(0x000000ca04600000,0x000000ca04700000)]
  0x00000263d82241a0 JavaThread "single-1" daemon [_thread_blocked, id=16988, stack(0x000000ca04e00000,0x000000ca04f00000)]
  0x00000263d8222850 JavaThread "reactor-tcp-nio-1" daemon [_thread_in_native, id=10204, stack(0x000000ca04f00000,0x000000ca05000000)]
  0x00000263d8226f30 JavaThread "reactor-tcp-nio-2" daemon [_thread_in_native, id=24940, stack(0x000000ca05000000,0x000000ca05100000)]
  0x00000263d8226510 JavaThread "reactor-tcp-nio-3" daemon [_thread_in_native, id=12712, stack(0x000000ca05100000,0x000000ca05200000)]
  0x00000263d8228370 JavaThread "reactor-tcp-nio-4" daemon [_thread_in_native, id=34824, stack(0x000000ca05200000,0x000000ca05300000)]
  0x00000263d8226a20 JavaThread "reactor-tcp-nio-5" daemon [_thread_in_native, id=38824, stack(0x000000ca05300000,0x000000ca05400000)]
  0x00000263d8227440 JavaThread "reactor-tcp-nio-6" daemon [_thread_in_native, id=22432, stack(0x000000ca05400000,0x000000ca05500000)]
  0x00000263d8224bc0 JavaThread "reactor-tcp-nio-7" daemon [_thread_in_native, id=35856, stack(0x000000ca05500000,0x000000ca05600000)]
  0x00000263d8228880 JavaThread "reactor-tcp-nio-8" daemon [_thread_in_native, id=32612, stack(0x000000ca05600000,0x000000ca05700000)]
  0x00000263d8227950 JavaThread "Thread-18" daemon [_thread_in_native, id=37408, stack(0x000000ca05700000,0x000000ca05800000)]

Other Threads:
  0x00000263ff0d3090 VMThread "VM Thread" [stack: 0x000000ca02e00000,0x000000ca02f00000] [id=10716]
  0x00000263ff4383c0 WatcherThread [stack: 0x000000ca03d00000,0x000000ca03e00000] [id=38920]
  0x00000263f19db210 GCTaskThread "GC Thread#0" [stack: 0x000000ca02900000,0x000000ca02a00000] [id=33464]
  0x00000263d60b47a0 GCTaskThread "GC Thread#1" [stack: 0x000000ca03e00000,0x000000ca03f00000] [id=31772]
  0x00000263ffd02530 GCTaskThread "GC Thread#2" [stack: 0x000000ca03f00000,0x000000ca04000000] [id=16596]
  0x00000263ffd027f0 GCTaskThread "GC Thread#3" [stack: 0x000000ca04000000,0x000000ca04100000] [id=22868]
  0x00000263ffd02ab0 GCTaskThread "GC Thread#4" [stack: 0x000000ca04100000,0x000000ca04200000] [id=21220]
  0x00000263ffd02d70 GCTaskThread "GC Thread#5" [stack: 0x000000ca04200000,0x000000ca04300000] [id=38032]
  0x00000263ffd03030 GCTaskThread "GC Thread#6" [stack: 0x000000ca04300000,0x000000ca04400000] [id=27988]
  0x00000263ffd032f0 GCTaskThread "GC Thread#7" [stack: 0x000000ca04400000,0x000000ca04500000] [id=18688]
  0x00000263f19eb6b0 ConcurrentGCThread "G1 Main Marker" [stack: 0x000000ca02a00000,0x000000ca02b00000] [id=24104]
  0x00000263f19ecfe0 ConcurrentGCThread "G1 Conc#0" [stack: 0x000000ca02b00000,0x000000ca02c00000] [id=24720]
  0x00000263d678e5a0 ConcurrentGCThread "G1 Conc#1" [stack: 0x000000ca04700000,0x000000ca04800000] [id=12648]
  0x00000263fef7a0f0 ConcurrentGCThread "G1 Refine#0" [stack: 0x000000ca02c00000,0x000000ca02d00000] [id=23560]
  0x00000263f1a3d200 ConcurrentGCThread "G1 Service" [stack: 0x000000ca02d00000,0x000000ca02e00000] [id=37000]

Threads with active compile tasks:
C2 CompilerThread0    55253 6185       4       sun.security.ec.ECOperations::setDouble (559 bytes)

VM state: not at safepoint (normal execution)

VM Mutex/Monitor currently owned by a thread: None

Heap address: 0x0000000084e00000, size: 1970 MB, Compressed Oops mode: 32-bit

CDS archive(s) mapped at: [0x0000026391000000-0x0000026391bd0000-0x0000026391bd0000), size 12386304, SharedBaseAddress: 0x0000026391000000, ArchiveRelocationMode: 1.
Compressed class space mapped at: 0x0000026392000000-0x00000263d2000000, reserved size: 1073741824
Narrow klass base: 0x0000026391000000, Narrow klass shift: 0, Narrow klass range: 0x100000000

GC Precious Log:
 CPUs: 8 total, 8 available
 Memory: 7874M
 Large Page Support: Disabled
 NUMA Support: Disabled
 Compressed Oops: Enabled (32-bit)
 Heap Region Size: 1M
 Heap Min Capacity: 8M
 Heap Initial Capacity: 124M
 Heap Max Capacity: 1970M
 Pre-touch: Disabled
 Parallel Workers: 8
 Concurrent Workers: 2
 Concurrent Refinement Workers: 8
 Periodic GC: Disabled

Heap:
 garbage-first heap   total 117760K, used 69845K [0x0000000084e00000, 0x0000000100000000)
  region size 1024K, 4 young (4096K), 2 survivors (2048K)
 Metaspace       used 55991K, committed 56576K, reserved 1114112K
  class space    used 7659K, committed 7936K, reserved 1048576K

Heap Regions: E=young(eden), S=young(survivor), O=old, HS=humongous(starts), HC=humongous(continues), CS=collection set, F=free, OA=open archive, CA=closed archive, TAMS=top-at-mark-start (previous, next)
|   0|0x0000000084e00000, 0x0000000084f00000, 0x0000000084f00000|100%| O|  |TAMS 0x0000000084f00000, 0x0000000084e00000| Untracked 
|   1|0x0000000084f00000, 0x0000000085000000, 0x0000000085000000|100%| O|  |TAMS 0x0000000085000000, 0x0000000084f00000| Untracked 
|   2|0x0000000085000000, 0x0000000085100000, 0x0000000085100000|100%| O|  |TAMS 0x0000000085100000, 0x0000000085000000| Untracked 
|   3|0x0000000085100000, 0x0000000085200000, 0x0000000085200000|100%| O|  |TAMS 0x0000000085200000, 0x0000000085100000| Untracked 
|   4|0x0000000085200000, 0x0000000085300000, 0x0000000085300000|100%| O|  |TAMS 0x0000000085300000, 0x0000000085200000| Untracked 
|   5|0x0000000085300000, 0x0000000085400000, 0x0000000085400000|100%| O|  |TAMS 0x0000000085400000, 0x0000000085300000| Untracked 
|   6|0x0000000085400000, 0x0000000085500000, 0x0000000085500000|100%| O|  |TAMS 0x0000000085500000, 0x0000000085400000| Untracked 
|   7|0x0000000085500000, 0x0000000085600000, 0x0000000085600000|100%| O|  |TAMS 0x0000000085600000, 0x0000000085500000| Untracked 
|   8|0x0000000085600000, 0x0000000085700000, 0x0000000085700000|100%| O|  |TAMS 0x0000000085700000, 0x0000000085600000| Untracked 
|   9|0x0000000085700000, 0x0000000085800000, 0x0000000085800000|100%| O|  |TAMS 0x0000000085800000, 0x0000000085700000| Untracked 
|  10|0x0000000085800000, 0x0000000085900000, 0x0000000085900000|100%| O|  |TAMS 0x0000000085900000, 0x0000000085800000| Untracked 
|  11|0x0000000085900000, 0x0000000085a00000, 0x0000000085a00000|100%| O|  |TAMS 0x0000000085a00000, 0x0000000085900000| Untracked 
|  12|0x0000000085a00000, 0x0000000085b00000, 0x0000000085b00000|100%| O|  |TAMS 0x0000000085b00000, 0x0000000085a00000| Untracked 
|  13|0x0000000085b00000, 0x0000000085c00000, 0x0000000085c00000|100%| O|  |TAMS 0x0000000085c00000, 0x0000000085b00000| Untracked 
|  14|0x0000000085c00000, 0x0000000085d00000, 0x0000000085d00000|100%| O|  |TAMS 0x0000000085d00000, 0x0000000085c00000| Untracked 
|  15|0x0000000085d00000, 0x0000000085e00000, 0x0000000085e00000|100%| O|  |TAMS 0x0000000085e00000, 0x0000000085d00000| Untracked 
|  16|0x0000000085e00000, 0x0000000085f00000, 0x0000000085f00000|100%| O|  |TAMS 0x0000000085f00000, 0x0000000085e00000| Untracked 
|  17|0x0000000085f00000, 0x0000000086000000, 0x0000000086000000|100%| O|  |TAMS 0x0000000086000000, 0x0000000085f00000| Untracked 
|  18|0x0000000086000000, 0x0000000086100000, 0x0000000086100000|100%| O|  |TAMS 0x0000000086100000, 0x0000000086000000| Untracked 
|  19|0x0000000086100000, 0x0000000086200000, 0x0000000086200000|100%| O|  |TAMS 0x0000000086200000, 0x0000000086100000| Untracked 
|  20|0x0000000086200000, 0x0000000086300000, 0x0000000086300000|100%| O|  |TAMS 0x0000000086300000, 0x0000000086200000| Untracked 
|  21|0x0000000086300000, 0x0000000086400000, 0x0000000086400000|100%| O|  |TAMS 0x0000000086400000, 0x0000000086300000| Untracked 
|  22|0x0000000086400000, 0x0000000086500000, 0x0000000086500000|100%| O|  |TAMS 0x0000000086500000, 0x0000000086400000| Untracked 
|  23|0x0000000086500000, 0x0000000086600000, 0x0000000086600000|100%| O|  |TAMS 0x0000000086600000, 0x0000000086500000| Untracked 
|  24|0x0000000086600000, 0x0000000086700000, 0x0000000086700000|100%|HS|  |TAMS 0x0000000086700000, 0x0000000086600000| Complete 
|  25|0x0000000086700000, 0x0000000086800000, 0x0000000086800000|100%|HC|  |TAMS 0x0000000086800000, 0x0000000086700000| Complete 
|  26|0x0000000086800000, 0x0000000086900000, 0x0000000086900000|100%|HC|  |TAMS 0x0000000086900000, 0x0000000086800000| Complete 
|  27|0x0000000086900000, 0x0000000086a00000, 0x0000000086a00000|100%|HC|  |TAMS 0x0000000086a00000, 0x0000000086900000| Complete 
|  28|0x0000000086a00000, 0x0000000086b00000, 0x0000000086b00000|100%|HC|  |TAMS 0x0000000086b00000, 0x0000000086a00000| Complete 
|  29|0x0000000086b00000, 0x0000000086c00000, 0x0000000086c00000|100%| O|  |TAMS 0x0000000086c00000, 0x0000000086b00000| Untracked 
|  30|0x0000000086c00000, 0x0000000086cc2400, 0x0000000086d00000| 75%| O|  |TAMS 0x0000000086cc2400, 0x0000000086c00000| Untracked 
|  31|0x0000000086d00000, 0x0000000086e00000, 0x0000000086e00000|100%|HS|  |TAMS 0x0000000086e00000, 0x0000000086d00000| Complete 
|  32|0x0000000086e00000, 0x0000000086f00000, 0x0000000086f00000|100%|HC|  |TAMS 0x0000000086f00000, 0x0000000086e00000| Complete 
|  33|0x0000000086f00000, 0x0000000087000000, 0x0000000087000000|100%|HC|  |TAMS 0x0000000087000000, 0x0000000086f00000| Complete 
|  34|0x0000000087000000, 0x0000000087100000, 0x0000000087100000|100%|HC|  |TAMS 0x0000000087100000, 0x0000000087000000| Complete 
|  35|0x0000000087100000, 0x0000000087200000, 0x0000000087200000|100%|HC|  |TAMS 0x0000000087200000, 0x0000000087100000| Complete 
|  36|0x0000000087200000, 0x0000000087300000, 0x0000000087300000|100%|HS|  |TAMS 0x0000000087300000, 0x0000000087200000| Complete 
|  37|0x0000000087300000, 0x0000000087400000, 0x0000000087400000|100%|HC|  |TAMS 0x0000000087400000, 0x0000000087300000| Complete 
|  38|0x0000000087400000, 0x0000000087500000, 0x0000000087500000|100%|HC|  |TAMS 0x0000000087500000, 0x0000000087400000| Complete 
|  39|0x0000000087500000, 0x0000000087600000, 0x0000000087600000|100%|HC|  |TAMS 0x0000000087600000, 0x0000000087500000| Complete 
|  40|0x0000000087600000, 0x0000000087700000, 0x0000000087700000|100%|HC|  |TAMS 0x0000000087700000, 0x0000000087600000| Complete 
|  41|0x0000000087700000, 0x0000000087800000, 0x0000000087800000|100%|HS|  |TAMS 0x0000000087800000, 0x0000000087700000| Complete 
|  42|0x0000000087800000, 0x0000000087900000, 0x0000000087900000|100%|HC|  |TAMS 0x0000000087900000, 0x0000000087800000| Complete 
|  43|0x0000000087900000, 0x0000000087a00000, 0x0000000087a00000|100%|HC|  |TAMS 0x0000000087a00000, 0x0000000087900000| Complete 
|  44|0x0000000087a00000, 0x0000000087b00000, 0x0000000087b00000|100%|HC|  |TAMS 0x0000000087b00000, 0x0000000087a00000| Complete 
|  45|0x0000000087b00000, 0x0000000087c00000, 0x0000000087c00000|100%|HC|  |TAMS 0x0000000087c00000, 0x0000000087b00000| Complete 
|  46|0x0000000087c00000, 0x0000000087d00000, 0x0000000087d00000|100%|HS|  |TAMS 0x0000000087d00000, 0x0000000087c00000| Complete 
|  47|0x0000000087d00000, 0x0000000087e00000, 0x0000000087e00000|100%|HC|  |TAMS 0x0000000087e00000, 0x0000000087d00000| Complete 
|  48|0x0000000087e00000, 0x0000000087f00000, 0x0000000087f00000|100%|HC|  |TAMS 0x0000000087f00000, 0x0000000087e00000| Complete 
|  49|0x0000000087f00000, 0x0000000088000000, 0x0000000088000000|100%|HC|  |TAMS 0x0000000088000000, 0x0000000087f00000| Complete 
|  50|0x0000000088000000, 0x0000000088100000, 0x0000000088100000|100%|HC|  |TAMS 0x0000000088100000, 0x0000000088000000| Complete 
|  51|0x0000000088100000, 0x0000000088200000, 0x0000000088200000|100%|HS|  |TAMS 0x0000000088200000, 0x0000000088100000| Complete 
|  52|0x0000000088200000, 0x0000000088300000, 0x0000000088300000|100%|HC|  |TAMS 0x0000000088300000, 0x0000000088200000| Complete 
|  53|0x0000000088300000, 0x0000000088400000, 0x0000000088400000|100%|HC|  |TAMS 0x0000000088400000, 0x0000000088300000| Complete 
|  54|0x0000000088400000, 0x0000000088500000, 0x0000000088500000|100%|HC|  |TAMS 0x0000000088500000, 0x0000000088400000| Complete 
|  55|0x0000000088500000, 0x0000000088600000, 0x0000000088600000|100%|HC|  |TAMS 0x0000000088600000, 0x0000000088500000| Complete 
|  56|0x0000000088600000, 0x0000000088700000, 0x0000000088700000|100%|HS|  |TAMS 0x0000000088700000, 0x0000000088600000| Complete 
|  57|0x0000000088700000, 0x0000000088800000, 0x0000000088800000|100%|HC|  |TAMS 0x0000000088800000, 0x0000000088700000| Complete 
|  58|0x0000000088800000, 0x0000000088900000, 0x0000000088900000|100%|HC|  |TAMS 0x0000000088900000, 0x0000000088800000| Complete 
|  59|0x0000000088900000, 0x0000000088a00000, 0x0000000088a00000|100%|HC|  |TAMS 0x0000000088a00000, 0x0000000088900000| Complete 
|  60|0x0000000088a00000, 0x0000000088b00000, 0x0000000088b00000|100%|HC|  |TAMS 0x0000000088b00000, 0x0000000088a00000| Complete 
|  61|0x0000000088b00000, 0x0000000088c00000, 0x0000000088c00000|100%|HS|  |TAMS 0x0000000088b00000, 0x0000000088b00000| Complete 
|  62|0x0000000088c00000, 0x0000000088d00000, 0x0000000088d00000|100%|HC|  |TAMS 0x0000000088c00000, 0x0000000088c00000| Complete 
|  63|0x0000000088d00000, 0x0000000088e00000, 0x0000000088e00000|100%|HC|  |TAMS 0x0000000088d00000, 0x0000000088d00000| Complete 
|  64|0x0000000088e00000, 0x0000000088f00000, 0x0000000088f00000|100%|HC|  |TAMS 0x0000000088e00000, 0x0000000088e00000| Complete 
|  65|0x0000000088f00000, 0x0000000089000000, 0x0000000089000000|100%|HC|  |TAMS 0x0000000088f00000, 0x0000000088f00000| Complete 
|  66|0x0000000089000000, 0x0000000089000000, 0x0000000089100000|  0%| F|  |TAMS 0x0000000089000000, 0x0000000089000000| Untracked 
|  67|0x0000000089100000, 0x0000000089100000, 0x0000000089200000|  0%| F|  |TAMS 0x0000000089100000, 0x0000000089100000| Untracked 
|  68|0x0000000089200000, 0x0000000089200000, 0x0000000089300000|  0%| F|  |TAMS 0x0000000089200000, 0x0000000089200000| Untracked 
|  69|0x0000000089300000, 0x0000000089300000, 0x0000000089400000|  0%| F|  |TAMS 0x0000000089300000, 0x0000000089300000| Untracked 
|  70|0x0000000089400000, 0x0000000089400000, 0x0000000089500000|  0%| F|  |TAMS 0x0000000089400000, 0x0000000089400000| Untracked 
|  71|0x0000000089500000, 0x0000000089500000, 0x0000000089600000|  0%| F|  |TAMS 0x0000000089500000, 0x0000000089500000| Untracked 
|  72|0x0000000089600000, 0x0000000089600000, 0x0000000089700000|  0%| F|  |TAMS 0x0000000089600000, 0x0000000089600000| Untracked 
|  73|0x0000000089700000, 0x0000000089700000, 0x0000000089800000|  0%| F|  |TAMS 0x0000000089700000, 0x0000000089700000| Untracked 
|  74|0x0000000089800000, 0x0000000089800000, 0x0000000089900000|  0%| F|  |TAMS 0x0000000089800000, 0x0000000089800000| Untracked 
|  75|0x0000000089900000, 0x0000000089900000, 0x0000000089a00000|  0%| F|  |TAMS 0x0000000089900000, 0x0000000089900000| Untracked 
|  76|0x0000000089a00000, 0x0000000089a00000, 0x0000000089b00000|  0%| F|  |TAMS 0x0000000089a00000, 0x0000000089a00000| Untracked 
|  77|0x0000000089b00000, 0x0000000089b00000, 0x0000000089c00000|  0%| F|  |TAMS 0x0000000089b00000, 0x0000000089b00000| Untracked 
|  78|0x0000000089c00000, 0x0000000089c00000, 0x0000000089d00000|  0%| F|  |TAMS 0x0000000089c00000, 0x0000000089c00000| Untracked 
|  79|0x0000000089d00000, 0x0000000089d00000, 0x0000000089e00000|  0%| F|  |TAMS 0x0000000089d00000, 0x0000000089d00000| Untracked 
|  80|0x0000000089e00000, 0x0000000089e00000, 0x0000000089f00000|  0%| F|  |TAMS 0x0000000089e00000, 0x0000000089e00000| Untracked 
|  81|0x0000000089f00000, 0x0000000089f00000, 0x000000008a000000|  0%| F|  |TAMS 0x0000000089f00000, 0x0000000089f00000| Untracked 
|  82|0x000000008a000000, 0x000000008a000000, 0x000000008a100000|  0%| F|  |TAMS 0x000000008a000000, 0x000000008a000000| Untracked 
|  83|0x000000008a100000, 0x000000008a100000, 0x000000008a200000|  0%| F|  |TAMS 0x000000008a100000, 0x000000008a100000| Untracked 
|  84|0x000000008a200000, 0x000000008a200000, 0x000000008a300000|  0%| F|  |TAMS 0x000000008a200000, 0x000000008a200000| Untracked 
|  85|0x000000008a300000, 0x000000008a300000, 0x000000008a400000|  0%| F|  |TAMS 0x000000008a300000, 0x000000008a300000| Untracked 
|  86|0x000000008a400000, 0x000000008a400000, 0x000000008a500000|  0%| F|  |TAMS 0x000000008a400000, 0x000000008a400000| Untracked 
|  87|0x000000008a500000, 0x000000008a500000, 0x000000008a600000|  0%| F|  |TAMS 0x000000008a500000, 0x000000008a500000| Untracked 
|  88|0x000000008a600000, 0x000000008a600000, 0x000000008a700000|  0%| F|  |TAMS 0x000000008a600000, 0x000000008a600000| Untracked 
|  89|0x000000008a700000, 0x000000008a700000, 0x000000008a800000|  0%| F|  |TAMS 0x000000008a700000, 0x000000008a700000| Untracked 
|  90|0x000000008a800000, 0x000000008a800000, 0x000000008a900000|  0%| F|  |TAMS 0x000000008a800000, 0x000000008a800000| Untracked 
|  91|0x000000008a900000, 0x000000008a900000, 0x000000008aa00000|  0%| F|  |TAMS 0x000000008a900000, 0x000000008a900000| Untracked 
|  92|0x000000008aa00000, 0x000000008aa00000, 0x000000008ab00000|  0%| F|  |TAMS 0x000000008aa00000, 0x000000008aa00000| Untracked 
|  93|0x000000008ab00000, 0x000000008ab00000, 0x000000008ac00000|  0%| F|  |TAMS 0x000000008ab00000, 0x000000008ab00000| Untracked 
|  94|0x000000008ac00000, 0x000000008ac00000, 0x000000008ad00000|  0%| F|  |TAMS 0x000000008ac00000, 0x000000008ac00000| Untracked 
|  95|0x000000008ad00000, 0x000000008ad00000, 0x000000008ae00000|  0%| F|  |TAMS 0x000000008ad00000, 0x000000008ad00000| Untracked 
|  96|0x000000008ae00000, 0x000000008ae00000, 0x000000008af00000|  0%| F|  |TAMS 0x000000008ae00000, 0x000000008ae00000| Untracked 
|  97|0x000000008af00000, 0x000000008af00000, 0x000000008b000000|  0%| F|  |TAMS 0x000000008af00000, 0x000000008af00000| Untracked 
|  98|0x000000008b000000, 0x000000008b000000, 0x000000008b100000|  0%| F|  |TAMS 0x000000008b000000, 0x000000008b000000| Untracked 
|  99|0x000000008b100000, 0x000000008b100000, 0x000000008b200000|  0%| F|  |TAMS 0x000000008b100000, 0x000000008b100000| Untracked 
| 100|0x000000008b200000, 0x000000008b200000, 0x000000008b300000|  0%| F|  |TAMS 0x000000008b200000, 0x000000008b200000| Untracked 
| 101|0x000000008b300000, 0x000000008b300000, 0x000000008b400000|  0%| F|  |TAMS 0x000000008b300000, 0x000000008b300000| Untracked 
| 102|0x000000008b400000, 0x000000008b400000, 0x000000008b500000|  0%| F|  |TAMS 0x000000008b400000, 0x000000008b400000| Untracked 
| 103|0x000000008b500000, 0x000000008b500000, 0x000000008b600000|  0%| F|  |TAMS 0x000000008b500000, 0x000000008b500000| Untracked 
| 104|0x000000008b600000, 0x000000008b673140, 0x000000008b700000| 44%| S|CS|TAMS 0x000000008b600000, 0x000000008b600000| Complete 
| 105|0x000000008b700000, 0x000000008b800000, 0x000000008b800000|100%| S|CS|TAMS 0x000000008b700000, 0x000000008b700000| Complete 
| 106|0x000000008b800000, 0x000000008b800000, 0x000000008b900000|  0%| F|  |TAMS 0x000000008b800000, 0x000000008b800000| Untracked 
| 107|0x000000008b900000, 0x000000008b900000, 0x000000008ba00000|  0%| F|  |TAMS 0x000000008b900000, 0x000000008b900000| Untracked 
| 108|0x000000008ba00000, 0x000000008ba00000, 0x000000008bb00000|  0%| F|  |TAMS 0x000000008ba00000, 0x000000008ba00000| Untracked 
| 109|0x000000008bb00000, 0x000000008bb00000, 0x000000008bc00000|  0%| F|  |TAMS 0x000000008bb00000, 0x000000008bb00000| Untracked 
| 110|0x000000008bc00000, 0x000000008bc00000, 0x000000008bd00000|  0%| F|  |TAMS 0x000000008bc00000, 0x000000008bc00000| Untracked 
| 111|0x000000008bd00000, 0x000000008bd00000, 0x000000008be00000|  0%| F|  |TAMS 0x000000008bd00000, 0x000000008bd00000| Untracked 
| 112|0x000000008be00000, 0x000000008be00000, 0x000000008bf00000|  0%| F|  |TAMS 0x000000008be00000, 0x000000008be00000| Untracked 
| 113|0x000000008bf00000, 0x000000008bf27d18, 0x000000008c000000| 15%| E|  |TAMS 0x000000008bf00000, 0x000000008bf00000| Complete 
| 123|0x000000008c900000, 0x000000008ca00000, 0x000000008ca00000|100%| E|CS|TAMS 0x000000008c900000, 0x000000008c900000| Complete 

Card table byte_map: [0x00000263fa150000,0x00000263fa530000] _byte_map_base: 0x00000263f9d29000

Marking Bits (Prev, Next): (CMBitMap*) 0x00000263f19db780, (CMBitMap*) 0x00000263f19db740
 Prev Bits: [0x00000263fc7e0000, 0x00000263fe6a8000)
 Next Bits: [0x00000263fa910000, 0x00000263fc7d8000)

Polling page: 0x00000263f00d0000

Metaspace:

Usage:
  Non-class:     47.20 MB used.
      Class:      7.48 MB used.
       Both:     54.68 MB used.

Virtual space:
  Non-class space:       64.00 MB reserved,      47.50 MB ( 74%) committed,  1 nodes.
      Class space:        1.00 GB reserved,       7.75 MB ( <1%) committed,  1 nodes.
             Both:        1.06 GB reserved,      55.25 MB (  5%) committed. 

Chunk freelists:
   Non-Class:  15.84 MB
       Class:  8.28 MB
        Both:  24.12 MB

MaxMetaspaceSize: unlimited
CompressedClassSpaceSize: 1.00 GB
Initial GC threshold: 21.00 MB
Current GC threshold: 91.88 MB
CDS: on
MetaspaceReclaimPolicy: balanced
 - commit_granule_bytes: 65536.
 - commit_granule_words: 8192.
 - virtual_space_node_default_size: 8388608.
 - enlarge_chunks_in_place: 1.
 - new_chunks_are_fully_committed: 0.
 - uncommit_free_chunks: 1.
 - use_allocation_guard: 0.
 - handle_deallocations: 1.


Internal statistics:

num_allocs_failed_limit: 6.
num_arena_births: 746.
num_arena_deaths: 6.
num_vsnodes_births: 2.
num_vsnodes_deaths: 0.
num_space_committed: 884.
num_space_uncommitted: 0.
num_chunks_returned_to_freelist: 15.
num_chunks_taken_from_freelist: 2730.
num_chunk_merges: 8.
num_chunk_splits: 1879.
num_chunks_enlarged: 1443.
num_inconsistent_stats: 0.

CodeHeap 'non-profiled nmethods': size=120000Kb used=3904Kb max_used=3904Kb free=116095Kb
 bounds [0x0000026387ad0000, 0x0000026387eb0000, 0x000002638f000000]
CodeHeap 'profiled nmethods': size=120000Kb used=11874Kb max_used=11874Kb free=108125Kb
 bounds [0x0000026380000000, 0x0000026380ba0000, 0x0000026387530000]
CodeHeap 'non-nmethods': size=5760Kb used=1408Kb max_used=1481Kb free=4351Kb
 bounds [0x0000026387530000, 0x00000263877a0000, 0x0000026387ad0000]
 total_blobs=6340 nmethods=5672 adapters=578
 compilation: enabled
              stopped_count=0, restarted_count=0
 full_count=0

Compilation events (20 events):
Event: 54.100 Thread 0x00000263ff0f5880 nmethod 6326 0x0000026380b87110 code [0x0000026380b87680, 0x0000026380b8a098]
Event: 54.100 Thread 0x00000263ff0f5880 6327       3       java.util.EnumMap::get (29 bytes)
Event: 54.101 Thread 0x00000263ff0f5880 nmethod 6327 0x0000026380b8ad10 code [0x0000026380b8aee0, 0x0000026380b8b2a8]
Event: 54.101 Thread 0x00000263ff0f5880 6328       3       java.util.EnumMap::isValidKey (36 bytes)
Event: 54.101 Thread 0x00000263ff0f5880 nmethod 6328 0x0000026380b8b410 code [0x0000026380b8b5c0, 0x0000026380b8b848]
Event: 54.102 Thread 0x00000263ff0f5880 6329       3       sun.security.ssl.HandshakeOutStream::putInt16 (20 bytes)
Event: 54.102 Thread 0x00000263ff0f5880 nmethod 6329 0x0000026380b8b990 code [0x0000026380b8bb80, 0x0000026380b8c068]
Event: 54.105 Thread 0x00000263ff0f5880 6330       3       java.security.MessageDigest::getInstance (119 bytes)
Event: 54.106 Thread 0x00000263ff0f5880 nmethod 6330 0x0000026380b8c390 code [0x0000026380b8c5a0, 0x0000026380b8cc68]
Event: 54.106 Thread 0x00000263ff0f5880 6331       3       sun.security.util.math.intpoly.IntegerPolynomial::get0 (5 bytes)
Event: 54.106 Thread 0x00000263ff0f5880 nmethod 6331 0x0000026380b8ce90 code [0x0000026380b8d040, 0x0000026380b8d3a8]
Event: 54.106 Thread 0x00000263ff0f5880 6332       3       sun.security.util.math.intpoly.IntegerPolynomial::get0 (10 bytes)
Event: 54.106 Thread 0x00000263ff0f5880 nmethod 6332 0x0000026380b8d510 code [0x0000026380b8d6c0, 0x0000026380b8d948]
Event: 54.109 Thread 0x00000263ff0f5880 6334       3       java.lang.Math::multiplyExact (27 bytes)
Event: 54.109 Thread 0x00000263ff0f5880 nmethod 6334 0x0000026380b8da90 code [0x0000026380b8dc40, 0x0000026380b8de48]
Event: 54.109 Thread 0x00000263ff0f5880 6335   !   3       jdk.internal.reflect.GeneratedConstructorAccessor37::newInstance (49 bytes)
Event: 54.110 Thread 0x00000263ff0f5880 nmethod 6335 0x0000026380b8df10 code [0x0000026380b8e160, 0x0000026380b8eb68]
Event: 54.110 Thread 0x00000263ff0f5880 6336       3       io.netty.handler.ssl.SslHandler::clearState (14 bytes)
Event: 54.110 Thread 0x00000263ff0f5880 nmethod 6336 0x0000026380b8f010 code [0x0000026380b8f1a0, 0x0000026380b8f2b8]
Event: 54.110 Thread 0x00000263ff0f5880 6337   !   3       sun.security.ssl.SSLEngineImpl::getSession (34 bytes)

GC Heap History (20 events):
Event: 47.650 GC heap before
{Heap before GC invocations=14 (full 0):
 garbage-first heap   total 48128K, used 36469K [0x0000000084e00000, 0x0000000100000000)
  region size 1024K, 17 young (17408K), 3 survivors (3072K)
 Metaspace       used 47108K, committed 47552K, reserved 1114112K
  class space    used 6508K, committed 6720K, reserved 1048576K
}
Event: 47.673 GC heap after
{Heap after GC invocations=15 (full 0):
 garbage-first heap   total 48128K, used 24343K [0x0000000084e00000, 0x0000000100000000)
  region size 1024K, 2 young (2048K), 2 survivors (2048K)
 Metaspace       used 47108K, committed 47552K, reserved 1114112K
  class space    used 6508K, committed 6720K, reserved 1048576K
}
Event: 49.353 GC heap before
{Heap before GC invocations=15 (full 0):
 garbage-first heap   total 48128K, used 36631K [0x0000000084e00000, 0x0000000100000000)
  region size 1024K, 15 young (15360K), 2 survivors (2048K)
 Metaspace       used 50128K, committed 50624K, reserved 1114112K
  class space    used 6936K, committed 7168K, reserved 1048576K
}
Event: 49.361 GC heap after
{Heap after GC invocations=16 (full 0):
 garbage-first heap   total 48128K, used 25195K [0x0000000084e00000, 0x0000000100000000)
  region size 1024K, 2 young (2048K), 2 survivors (2048K)
 Metaspace       used 50128K, committed 50624K, reserved 1114112K
  class space    used 6936K, committed 7168K, reserved 1048576K
}
Event: 50.930 GC heap before
{Heap before GC invocations=17 (full 0):
 garbage-first heap   total 48128K, used 33387K [0x0000000084e00000, 0x0000000100000000)
  region size 1024K, 11 young (11264K), 2 survivors (2048K)
 Metaspace       used 53951K, committed 54528K, reserved 1114112K
  class space    used 7377K, committed 7616K, reserved 1048576K
}
Event: 50.944 GC heap after
{Heap after GC invocations=18 (full 0):
 garbage-first heap   total 48128K, used 26351K [0x0000000084e00000, 0x0000000100000000)
  region size 1024K, 2 young (2048K), 2 survivors (2048K)
 Metaspace       used 53951K, committed 54528K, reserved 1114112K
  class space    used 7377K, committed 7616K, reserved 1048576K
}
Event: 52.349 GC heap before
{Heap before GC invocations=19 (full 0):
 garbage-first heap   total 55296K, used 36591K [0x0000000084e00000, 0x0000000100000000)
  region size 1024K, 9 young (9216K), 2 survivors (2048K)
 Metaspace       used 55581K, committed 56192K, reserved 1114112K
  class space    used 7637K, committed 7936K, reserved 1048576K
}
Event: 52.355 GC heap after
{Heap after GC invocations=20 (full 0):
 garbage-first heap   total 55296K, used 32077K [0x0000000084e00000, 0x0000000100000000)
  region size 1024K, 1 young (1024K), 1 survivors (1024K)
 Metaspace       used 55581K, committed 56192K, reserved 1114112K
  class space    used 7637K, committed 7936K, reserved 1048576K
}
Event: 52.595 GC heap before
{Heap before GC invocations=21 (full 0):
 garbage-first heap   total 65536K, used 38221K [0x0000000084e00000, 0x0000000100000000)
  region size 1024K, 3 young (3072K), 1 survivors (1024K)
 Metaspace       used 55705K, committed 56320K, reserved 1114112K
  class space    used 7658K, committed 7936K, reserved 1048576K
}
Event: 52.598 GC heap after
{Heap after GC invocations=22 (full 0):
 garbage-first heap   total 65536K, used 37401K [0x0000000084e00000, 0x0000000100000000)
  region size 1024K, 1 young (1024K), 1 survivors (1024K)
 Metaspace       used 55705K, committed 56320K, reserved 1114112K
  class space    used 7658K, committed 7936K, reserved 1048576K
}
Event: 52.782 GC heap before
{Heap before GC invocations=23 (full 0):
 garbage-first heap   total 73728K, used 42521K [0x0000000084e00000, 0x0000000100000000)
  region size 1024K, 2 young (2048K), 1 survivors (1024K)
 Metaspace       used 55736K, committed 56320K, reserved 1114112K
  class space    used 7658K, committed 7936K, reserved 1048576K
}
Event: 52.785 GC heap after
{Heap after GC invocations=24 (full 0):
 garbage-first heap   total 73728K, used 42580K [0x0000000084e00000, 0x0000000100000000)
  region size 1024K, 1 young (1024K), 1 survivors (1024K)
 Metaspace       used 55736K, committed 56320K, reserved 1114112K
  class space    used 7658K, committed 7936K, reserved 1048576K
}
Event: 52.988 GC heap before
{Heap before GC invocations=25 (full 0):
 garbage-first heap   total 81920K, used 47700K [0x0000000084e00000, 0x0000000100000000)
  region size 1024K, 2 young (2048K), 1 survivors (1024K)
 Metaspace       used 55782K, committed 56384K, reserved 1114112K
  class space    used 7658K, committed 7936K, reserved 1048576K
}
Event: 52.993 GC heap after
{Heap after GC invocations=26 (full 0):
 garbage-first heap   total 81920K, used 47873K [0x0000000084e00000, 0x0000000100000000)
  region size 1024K, 1 young (1024K), 1 survivors (1024K)
 Metaspace       used 55782K, committed 56384K, reserved 1114112K
  class space    used 7658K, committed 7936K, reserved 1048576K
}
Event: 53.165 GC heap before
{Heap before GC invocations=27 (full 0):
 garbage-first heap   total 91136K, used 52993K [0x0000000084e00000, 0x0000000100000000)
  region size 1024K, 2 young (2048K), 1 survivors (1024K)
 Metaspace       used 55833K, committed 56384K, reserved 1114112K
  class space    used 7658K, committed 7936K, reserved 1048576K
}
Event: 53.168 GC heap after
{Heap after GC invocations=28 (full 0):
 garbage-first heap   total 91136K, used 53133K [0x0000000084e00000, 0x0000000100000000)
  region size 1024K, 2 young (2048K), 2 survivors (2048K)
 Metaspace       used 55833K, committed 56384K, reserved 1114112K
  class space    used 7658K, committed 7936K, reserved 1048576K
}
Event: 53.316 GC heap before
{Heap before GC invocations=29 (full 0):
 garbage-first heap   total 101376K, used 58253K [0x0000000084e00000, 0x0000000100000000)
  region size 1024K, 3 young (3072K), 2 survivors (2048K)
 Metaspace       used 55870K, committed 56448K, reserved 1114112K
  class space    used 7658K, committed 7936K, reserved 1048576K
}
Event: 53.321 GC heap after
{Heap after GC invocations=30 (full 0):
 garbage-first heap   total 101376K, used 58374K [0x0000000084e00000, 0x0000000100000000)
  region size 1024K, 2 young (2048K), 2 survivors (2048K)
 Metaspace       used 55870K, committed 56448K, reserved 1114112K
  class space    used 7658K, committed 7936K, reserved 1048576K
}
Event: 53.497 GC heap before
{Heap before GC invocations=31 (full 0):
 garbage-first heap   total 109568K, used 63494K [0x0000000084e00000, 0x0000000100000000)
  region size 1024K, 3 young (3072K), 2 survivors (2048K)
 Metaspace       used 55903K, committed 56448K, reserved 1114112K
  class space    used 7659K, committed 7936K, reserved 1048576K
}
Event: 53.502 GC heap after
{Heap after GC invocations=32 (full 0):
 garbage-first heap   total 109568K, used 63701K [0x0000000084e00000, 0x0000000100000000)
  region size 1024K, 2 young (2048K), 2 survivors (2048K)
 Metaspace       used 55903K, committed 56448K, reserved 1114112K
  class space    used 7659K, committed 7936K, reserved 1048576K
}

Deoptimization events (20 events):
Event: 52.401 Thread 0x00000263d8226510 DEOPT PACKING pc=0x0000026387e64604 sp=0x000000ca051fd940
Event: 52.401 Thread 0x00000263d8226510 DEOPT UNPACKING pc=0x00000263875823a3 sp=0x000000ca051fd8a0 mode 2
Event: 52.427 Thread 0x00000263d8226510 Uncommon trap: trap_request=0xffffff45 fr.pc=0x0000026387bf7cb4 relative=0x00000000000004f4
Event: 52.427 Thread 0x00000263d8226510 Uncommon trap: reason=unstable_if action=reinterpret pc=0x0000026387bf7cb4 method=java.util.LinkedHashMap.get(Ljava/lang/Object;)Ljava/lang/Object; @ 16 c2
Event: 52.427 Thread 0x00000263d8226510 DEOPT PACKING pc=0x0000026387bf7cb4 sp=0x000000ca051fdf50
Event: 52.427 Thread 0x00000263d8226510 DEOPT UNPACKING pc=0x00000263875823a3 sp=0x000000ca051fdf28 mode 2
Event: 52.659 Thread 0x00000263d8228370 DEOPT PACKING pc=0x0000026380858833 sp=0x000000ca052fdd90
Event: 52.659 Thread 0x00000263d8228370 DEOPT UNPACKING pc=0x0000026387582b43 sp=0x000000ca052fd1f8 mode 0
Event: 52.699 Thread 0x00000263d8228370 DEOPT PACKING pc=0x000002638061754f sp=0x000000ca052fde20
Event: 52.699 Thread 0x00000263d8228370 DEOPT UNPACKING pc=0x0000026387582b43 sp=0x000000ca052fd260 mode 0
Event: 53.036 Thread 0x00000263d8227440 DEOPT PACKING pc=0x0000026380af140f sp=0x000000ca054fda00
Event: 53.036 Thread 0x00000263d8227440 DEOPT UNPACKING pc=0x0000026387582b43 sp=0x000000ca054fce70 mode 1
Event: 53.198 Thread 0x00000263d8224bc0 DEOPT PACKING pc=0x0000026380af140f sp=0x000000ca055fdc50
Event: 53.198 Thread 0x00000263d8224bc0 DEOPT UNPACKING pc=0x0000026387582b43 sp=0x000000ca055fd0c0 mode 1
Event: 53.360 Thread 0x00000263d8228880 DEOPT PACKING pc=0x0000026380af140f sp=0x000000ca056fe020
Event: 53.360 Thread 0x00000263d8228880 DEOPT UNPACKING pc=0x0000026387582b43 sp=0x000000ca056fd490 mode 1
Event: 53.544 Thread 0x00000263d8222850 DEOPT PACKING pc=0x0000026380af140f sp=0x000000ca04ffdc20
Event: 53.544 Thread 0x00000263d8222850 DEOPT UNPACKING pc=0x0000026387582b43 sp=0x000000ca04ffd090 mode 1
Event: 53.737 Thread 0x00000263d8226f30 DEOPT PACKING pc=0x0000026380af140f sp=0x000000ca050fdb30
Event: 53.737 Thread 0x00000263d8226f30 DEOPT UNPACKING pc=0x0000026387582b43 sp=0x000000ca050fcfa0 mode 1

Classes unloaded (3 events):
Event: 49.413 Thread 0x00000263ff0d3090 Unloading class 0x0000026392514800 'jdk/internal/reflect/GeneratedSerializationConstructorAccessor3'
Event: 49.413 Thread 0x00000263ff0d3090 Unloading class 0x0000026392514400 'jdk/internal/reflect/GeneratedSerializationConstructorAccessor2'
Event: 49.413 Thread 0x00000263ff0d3090 Unloading class 0x0000026392514000 'jdk/internal/reflect/GeneratedSerializationConstructorAccessor1'

Classes redefined (0 events):
No events

Internal exceptions (20 events):
Event: 48.881 Thread 0x00000263d8226f30 Exception <a 'java/lang/NoSuchMethodError'{0x0000000087401298}: 'java.lang.Object java.lang.invoke.DirectMethodHandle$Holder.newInvokeSpecial(java.lang.Object, java.lang.Object, java.lang.Object, int, java.lang.Object, java.lang.Object, java.lang.Object)'> (0x0000000087401298) 
thrown [s\open\src\hotspot\share\interpreter\linkResolver.cpp, line 759]
Event: 49.066 Thread 0x00000263d8226f30 Exception <a 'java/lang/NoSuchMethodError'{0x00000000873c69a8}: 'java.lang.Object java.lang.invoke.DirectMethodHandle$Holder.newInvokeSpecial(java.lang.Object, java.lang.Object, java.lang.Object, java.lang.Object, int, java.lang.Object, java.lang.Object, int, java.lang.Object)'> (0x00000000873c69a8) 
thrown [s\open\src\hotspot\share\interpreter\linkResolver.cpp, line 759]
Event: 49.502 Thread 0x00000263d8226f30 Exception <a 'sun/nio/fs/WindowsException'{0x000000008c951ec0}> (0x000000008c951ec0) 
thrown [s\open\src\hotspot\share\prims\jni.cpp, line 516]
Event: 49.578 Thread 0x00000263d8226f30 Exception <a 'java/lang/NoSuchMethodError'{0x000000008c99f220}: 'int java.lang.invoke.DirectMethodHandle$Holder.invokeStaticInit(java.lang.Object, java.lang.Object, java.lang.Object, java.lang.Object)'> (0x000000008c99f220) 
thrown [s\open\src\hotspot\share\interpreter\linkResolver.cpp, line 759]
Event: 51.714 Thread 0x00000263d8226f30 Exception <a 'java/lang/NoSuchMethodError'{0x000000008817e688}: 'java.lang.Object java.lang.invoke.DirectMethodHandle$Holder.invokeStatic(java.lang.Object, java.lang.Object, int, java.lang.Object, java.lang.Object, java.lang.Object)'> (0x000000008817e688) 
thrown [s\open\src\hotspot\share\interpreter\linkResolver.cpp, line 759]
Event: 51.824 Thread 0x00000263d8226f30 Exception <a 'java/lang/NoSuchMethodError'{0x00000000881f1ab8}: 'java.lang.Object java.lang.invoke.DirectMethodHandle$Holder.invokeStatic(java.lang.Object, int, java.lang.Object)'> (0x00000000881f1ab8) 
thrown [s\open\src\hotspot\share\interpreter\linkResolver.cpp, line 759]
Event: 52.249 Thread 0x00000263d8226f30 Exception <a 'java/lang/IncompatibleClassChangeError'{0x0000000087ec96e0}: Found class java.lang.Object, but interface was expected> (0x0000000087ec96e0) 
thrown [s\open\src\hotspot\share\interpreter\linkResolver.cpp, line 826]
Event: 52.252 Thread 0x00000263d8226f30 Exception <a 'java/lang/NoSuchMethodError'{0x0000000087ed07e0}: 'java.lang.Object java.lang.invoke.DirectMethodHandle$Holder.newInvokeSpecial(java.lang.Object, int, java.lang.Object, java.lang.Object)'> (0x0000000087ed07e0) 
thrown [s\open\src\hotspot\share\interpreter\linkResolver.cpp, line 759]
Event: 52.304 Thread 0x00000263d8226510 Exception <a 'java/net/SocketException'{0x0000000087d34180}: Network is unreachable: no further information> (0x0000000087d34180) 
thrown [s\open\src\hotspot\share\prims\jni.cpp, line 535]
Event: 52.450 Thread 0x00000263d8226f30 Exception <a 'java/lang/NoSuchMethodError'{0x000000008c999c18}: 'java.lang.Object java.lang.invoke.DirectMethodHandle$Holder.newInvokeSpecial(java.lang.Object, java.lang.Object, java.lang.Object, long)'> (0x000000008c999c18) 
thrown [s\open\src\hotspot\share\interpreter\linkResolver.cpp, line 759]
Event: 52.451 Thread 0x00000263d8226f30 Exception <a 'java/lang/NoSuchMethodError'{0x000000008c99e1a0}: 'java.lang.Object java.lang.invoke.DirectMethodHandle$Holder.invokeSpecial(java.lang.Object, java.lang.Object, java.lang.Object, java.lang.Object, long)'> (0x000000008c99e1a0) 
thrown [s\open\src\hotspot\share\interpreter\linkResolver.cpp, line 759]
Event: 52.452 Thread 0x00000263d8226f30 Exception <a 'java/lang/NoSuchMethodError'{0x000000008c9a2000}: 'java.lang.Object java.lang.invoke.Invokers$Holder.linkToTargetMethod(java.lang.Object, java.lang.Object, long, java.lang.Object)'> (0x000000008c9a2000) 
thrown [s\open\src\hotspot\share\interpreter\linkResolver.cpp, line 759]
Event: 52.564 Thread 0x00000263d8228370 Exception <a 'java/net/SocketException'{0x0000000088c21ca8}: Network is unreachable: no further information> (0x0000000088c21ca8) 
thrown [s\open\src\hotspot\share\prims\jni.cpp, line 535]
Event: 52.754 Thread 0x00000263d8226a20 Exception <a 'java/net/SocketException'{0x000000008c959958}: Network is unreachable: no further information> (0x000000008c959958) 
thrown [s\open\src\hotspot\share\prims\jni.cpp, line 535]
Event: 52.960 Thread 0x00000263d8227440 Exception <a 'java/net/SocketException'{0x000000008c959e50}: Network is unreachable: no further information> (0x000000008c959e50) 
thrown [s\open\src\hotspot\share\prims\jni.cpp, line 535]
Event: 53.141 Thread 0x00000263d8224bc0 Exception <a 'java/net/SocketException'{0x000000008c960460}: Network is unreachable: no further information> (0x000000008c960460) 
thrown [s\open\src\hotspot\share\prims\jni.cpp, line 535]
Event: 53.293 Thread 0x00000263d8228880 Exception <a 'java/net/SocketException'{0x000000008c9567c8}: Network is unreachable: no further information> (0x000000008c9567c8) 
thrown [s\open\src\hotspot\share\prims\jni.cpp, line 535]
Event: 53.471 Thread 0x00000263d8222850 Exception <a 'java/net/SocketException'{0x000000008c963140}: Network is unreachable: no further information> (0x000000008c963140) 
thrown [s\open\src\hotspot\share\prims\jni.cpp, line 535]
Event: 53.666 Thread 0x00000263d8226f30 Exception <a 'java/net/SocketException'{0x000000008c962c10}: Network is unreachable: no further information> (0x000000008c962c10) 
thrown [s\open\src\hotspot\share\prims\jni.cpp, line 535]
Event: 54.057 Thread 0x00000263d8226510 Exception <a 'java/net/SocketException'{0x000000008c9c1740}: Network is unreachable: no further information> (0x000000008c9c1740) 
thrown [s\open\src\hotspot\share\prims\jni.cpp, line 535]

VM Operations (20 events):
Event: 53.068 Executing VM operation: G1Concurrent done
Event: 53.165 Executing VM operation: G1TryInitiateConcMark
Event: 53.168 Executing VM operation: G1TryInitiateConcMark done
Event: 53.224 Executing VM operation: G1Concurrent
Event: 53.232 Executing VM operation: G1Concurrent done
Event: 53.251 Executing VM operation: G1Concurrent
Event: 53.251 Executing VM operation: G1Concurrent done
Event: 53.316 Executing VM operation: G1TryInitiateConcMark
Event: 53.321 Executing VM operation: G1TryInitiateConcMark done
Event: 53.370 Executing VM operation: G1Concurrent
Event: 53.386 Executing VM operation: G1Concurrent done
Event: 53.405 Executing VM operation: G1Concurrent
Event: 53.405 Executing VM operation: G1Concurrent done
Event: 53.497 Executing VM operation: G1TryInitiateConcMark
Event: 53.502 Executing VM operation: G1TryInitiateConcMark done
Event: 53.553 Executing VM operation: G1Concurrent
Event: 53.562 Executing VM operation: G1Concurrent done
Event: 53.582 Executing VM operation: G1Concurrent
Event: 53.583 Executing VM operation: G1Concurrent done
Event: 54.590 Executing VM operation: Cleanup

Events (20 events):
Event: 52.435 loading class org/springframework/boot/actuate/metrics/data/DefaultRepositoryTagsProvider done
Event: 52.442 loading class org/springframework/data/repository/core/support/RepositoryMethodInvocationListener$RepositoryMethodInvocationResult$State
Event: 52.442 loading class org/springframework/data/repository/core/support/RepositoryMethodInvocationListener$RepositoryMethodInvocationResult$State done
Event: 52.443 loading class org/springframework/boot/actuate/metrics/data/DefaultRepositoryTagsProvider
Event: 52.443 loading class org/springframework/boot/actuate/metrics/data/DefaultRepositoryTagsProvider done
Event: 52.444 loading class org/springframework/boot/actuate/metrics/data/MetricsRepositoryMethodInvocationListener
Event: 52.444 loading class org/springframework/boot/actuate/metrics/data/MetricsRepositoryMethodInvocationListener done
Event: 52.444 loading class io/micrometer/core/instrument/Timer$Builder
Event: 52.444 loading class io/micrometer/core/instrument/Timer$Builder done
Event: 52.449 loading class io/micrometer/core/instrument/Timer$Builder
Event: 52.449 loading class io/micrometer/core/instrument/Timer$Builder done
Event: 52.454 loading class io/micrometer/core/instrument/Timer$Builder
Event: 52.454 loading class io/micrometer/core/instrument/Timer$Builder done
Event: 52.454 loading class io/micrometer/core/instrument/Timer$Builder
Event: 52.454 loading class io/micrometer/core/instrument/Timer$Builder done
Event: 52.462 loading class io/netty/channel/AbstractChannelHandlerContext$WriteTask
Event: 52.462 loading class io/netty/channel/AbstractChannelHandlerContext$WriteTask done
Event: 52.464 loading class io/netty/channel/AbstractChannelHandlerContext$WriteTask$1
Event: 52.464 loading class io/netty/channel/AbstractChannelHandlerContext$WriteTask$1 done
Event: 52.948 Thread 0x00000263db6f92d0 Thread exited: 0x00000263db6f92d0


Dynamic libraries:
0x00007ff6295c0000 - 0x00007ff6295d0000 	C:\Program Files\Java\jdk-17\bin\java.exe
0x00007ff8100e0000 - 0x00007ff810348000 	C:\WINDOWS\SYSTEM32\ntdll.dll
0x00007ff80f8c0000 - 0x00007ff80f989000 	C:\WINDOWS\System32\KERNEL32.DLL
0x00007ff80dab0000 - 0x00007ff80dea2000 	C:\WINDOWS\System32\KERNELBASE.dll
0x00007ff80d3f0000 - 0x00007ff80d53b000 	C:\WINDOWS\System32\ucrtbase.dll
0x00007ff802120000 - 0x00007ff802139000 	C:\Program Files\Java\jdk-17\bin\jli.dll
0x00007ff80e340000 - 0x00007ff80e3f4000 	C:\WINDOWS\System32\ADVAPI32.dll
0x00007ff801ef0000 - 0x00007ff801f0b000 	C:\Program Files\Java\jdk-17\bin\VCRUNTIME140.dll
0x00007ff80e4e0000 - 0x00007ff80e589000 	C:\WINDOWS\System32\msvcrt.dll
0x00007ff80e590000 - 0x00007ff80e636000 	C:\WINDOWS\System32\sechost.dll
0x00007ff80ebf0000 - 0x00007ff80ed08000 	C:\WINDOWS\System32\RPCRT4.dll
0x00007ff80e910000 - 0x00007ff80ead5000 	C:\WINDOWS\System32\USER32.dll
0x00007ff80d910000 - 0x00007ff80d937000 	C:\WINDOWS\System32\win32u.dll
0x00007ff80e690000 - 0x00007ff80e6bb000 	C:\WINDOWS\System32\GDI32.dll
0x00007ff80d540000 - 0x00007ff80d66d000 	C:\WINDOWS\System32\gdi32full.dll
0x00007ff80d730000 - 0x00007ff80d7d3000 	C:\WINDOWS\System32\msvcp_win.dll
0x00007ffffa960000 - 0x00007ffffabf3000 	C:\WINDOWS\WinSxS\amd64_microsoft.windows.common-controls_6595b64144ccf1df_6.0.26100.6899_none_3e0efeeae32e88c1\COMCTL32.dll
0x00007ff806220000 - 0x00007ff80622b000 	C:\WINDOWS\SYSTEM32\VERSION.dll
0x00007ff80e650000 - 0x00007ff80e67f000 	C:\WINDOWS\System32\IMM32.DLL
0x00007ff8005d0000 - 0x00007ff8005dc000 	C:\Program Files\Java\jdk-17\bin\vcruntime140_1.dll
0x00007fffdba20000 - 0x00007fffdbaae000 	C:\Program Files\Java\jdk-17\bin\msvcp140.dll
0x00007ffec30b0000 - 0x00007ffec3c90000 	C:\Program Files\Java\jdk-17\bin\server\jvm.dll
0x00007ff80ebe0000 - 0x00007ff80ebe8000 	C:\WINDOWS\System32\PSAPI.DLL
0x00007ffffb1f0000 - 0x00007ffffb1fa000 	C:\WINDOWS\SYSTEM32\WSOCK32.dll
0x00007ff80fdd0000 - 0x00007ff80fe44000 	C:\WINDOWS\System32\WS2_32.dll
0x00007ff8061e0000 - 0x00007ff806215000 	C:\WINDOWS\SYSTEM32\WINMM.dll
0x00007ff80c000000 - 0x00007ff80c01b000 	C:\WINDOWS\SYSTEM32\kernel.appcore.dll
0x00007ff800110000 - 0x00007ff80011a000 	C:\Program Files\Java\jdk-17\bin\jimage.dll
0x00007ffffac00000 - 0x00007ffffae42000 	C:\WINDOWS\SYSTEM32\DBGHELP.DLL
0x00007ff80f990000 - 0x00007ff80fd0b000 	C:\WINDOWS\System32\combase.dll
0x00007ff80f4f0000 - 0x00007ff80f5c7000 	C:\WINDOWS\System32\OLEAUT32.dll
0x00007ffff9300000 - 0x00007ffff933c000 	C:\WINDOWS\SYSTEM32\dbgcore.DLL
0x00007ff80d7e0000 - 0x00007ff80d878000 	C:\WINDOWS\System32\bcryptPrimitives.dll
0x00007fffdd4b0000 - 0x00007fffdd4eb000 	C:\Program Files\Java\jdk-17\bin\jdwp.dll
0x00007ffffb1e0000 - 0x00007ffffb1ee000 	C:\Program Files\Java\jdk-17\bin\instrument.dll
0x00007ffffb220000 - 0x00007ffffb245000 	C:\Program Files\Java\jdk-17\bin\java.dll
0x00007ffffb1c0000 - 0x00007ffffb1d8000 	C:\Program Files\Java\jdk-17\bin\zip.dll
0x00007fff925e0000 - 0x00007fff926b7000 	C:\Program Files\Java\jdk-17\bin\jsvml.dll
0x00007ff80ed10000 - 0x00007ff80f45d000 	C:\WINDOWS\System32\SHELL32.dll
0x00007ff80d940000 - 0x00007ff80daab000 	C:\WINDOWS\System32\wintypes.dll
0x00007ff80aea0000 - 0x00007ff80b6fd000 	C:\WINDOWS\SYSTEM32\windows.storage.dll
0x00007ff80eae0000 - 0x00007ff80ebd2000 	C:\WINDOWS\System32\SHCORE.dll
0x00007ff80fd60000 - 0x00007ff80fdc2000 	C:\WINDOWS\System32\shlwapi.dll
0x00007ff80d190000 - 0x00007ff80d1b9000 	C:\WINDOWS\SYSTEM32\profapi.dll
0x00007ffff6130000 - 0x00007ffff613c000 	C:\Program Files\Java\jdk-17\bin\dt_socket.dll
0x00007ff80b990000 - 0x00007ff80b9c4000 	C:\WINDOWS\SYSTEM32\IPHLPAPI.DLL
0x00007ff80c550000 - 0x00007ff80c5bb000 	C:\WINDOWS\system32\mswsock.dll
0x00007fffdd490000 - 0x00007fffdd4a9000 	C:\Program Files\Java\jdk-17\bin\net.dll
0x00007ff8044e0000 - 0x00007ff8045ff000 	C:\WINDOWS\SYSTEM32\WINHTTP.dll
0x00007fffdd470000 - 0x00007fffdd486000 	C:\Program Files\Java\jdk-17\bin\nio.dll
0x00007fffe50b0000 - 0x00007fffe50ba000 	C:\Program Files\Java\jdk-17\bin\management.dll
0x00007fffdd210000 - 0x00007fffdd21b000 	C:\Program Files\Java\jdk-17\bin\management_ext.dll
0x00007ff808810000 - 0x00007ff80881e000 	C:\Program Files\Java\jdk-17\bin\sunmscapi.dll
0x00007ff80d270000 - 0x00007ff80d3e7000 	C:\WINDOWS\System32\CRYPT32.dll
0x00007ff80ca80000 - 0x00007ff80cab0000 	C:\WINDOWS\SYSTEM32\ncrypt.dll
0x00007ff80ca30000 - 0x00007ff80ca6f000 	C:\WINDOWS\SYSTEM32\NTASN1.dll
0x00007ff8087d0000 - 0x00007ff8087d8000 	C:\WINDOWS\system32\wshunix.dll
0x00007ff80c930000 - 0x00007ff80c94b000 	C:\WINDOWS\SYSTEM32\CRYPTSP.dll
0x00007ff80bf60000 - 0x00007ff80bf9b000 	C:\WINDOWS\system32\rsaenh.dll
0x00007ff80c5f0000 - 0x00007ff80c61b000 	C:\WINDOWS\SYSTEM32\USERENV.dll
0x00007ff80d160000 - 0x00007ff80d186000 	C:\WINDOWS\SYSTEM32\bcrypt.dll
0x00007ff80c790000 - 0x00007ff80c79c000 	C:\WINDOWS\SYSTEM32\CRYPTBASE.dll
0x00007ff80e720000 - 0x00007ff80e72a000 	C:\WINDOWS\System32\NSI.dll
0x00007ff804690000 - 0x00007ff8046ae000 	C:\WINDOWS\SYSTEM32\dhcpcsvc6.DLL
0x00007ff804660000 - 0x00007ff804683000 	C:\WINDOWS\SYSTEM32\dhcpcsvc.DLL
0x00007ff80b9d0000 - 0x00007ff80baf6000 	C:\WINDOWS\SYSTEM32\DNSAPI.dll
0x00007fffe86d0000 - 0x00007fffe86e8000 	C:\WINDOWS\system32\napinsp.dll
0x00007fffe8bb0000 - 0x00007fffe8bc2000 	C:\WINDOWS\System32\winrnr.dll
0x00007fffe86a0000 - 0x00007fffe86c8000 	C:\WINDOWS\system32\nlansp_c.dll
0x00007ff8031d0000 - 0x00007ff8031e6000 	C:\WINDOWS\system32\wshbth.dll
0x00007ff805dd0000 - 0x00007ff805ddb000 	C:\Windows\System32\rasadhlp.dll
0x00007ff802db0000 - 0x00007ff802e36000 	C:\WINDOWS\System32\fwpuclnt.dll

dbghelp: loaded successfully - version: 4.0.5 - missing functions: none
symbol engine: initialized successfully - sym options: 0x614 - pdb path: .;C:\Program Files\Java\jdk-17\bin;C:\WINDOWS\SYSTEM32;C:\WINDOWS\WinSxS\amd64_microsoft.windows.common-controls_6595b64144ccf1df_6.0.26100.6899_none_3e0efeeae32e88c1;C:\Program Files\Java\jdk-17\bin\server

VM Arguments:
jvm_args: -agentlib:jdwp=transport=dt_socket,address=127.0.0.1:61367,suspend=y,server=n -javaagent:C:\Users\ddbel\AppData\Local\JetBrains\IdeaIC2022.2\captureAgent\debugger-agent.jar=file:/C:/Users/ddbel/AppData/Local/Temp/capture.props -Dfile.encoding=UTF-8 
java_command: com.franquicia.franquicia_api.FranquiciaApiApplication
java_class_path (initial): C:\Java\franquicia-api\target\classes;C:\Users\ddbel\.m2\repository\org\springframework\boot\spring-boot-starter-actuator\3.5.6\spring-boot-starter-actuator-3.5.6.jar;C:\Users\ddbel\.m2\repository\org\springframework\boot\spring-boot-starter\3.5.6\spring-boot-starter-3.5.6.jar;C:\Users\ddbel\.m2\repository\org\springframework\boot\spring-boot-starter-logging\3.5.6\spring-boot-starter-logging-3.5.6.jar;C:\Users\ddbel\.m2\repository\ch\qos\logback\logback-classic\1.5.18\logback-classic-1.5.18.jar;C:\Users\ddbel\.m2\repository\ch\qos\logback\logback-core\1.5.18\logback-core-1.5.18.jar;C:\Users\ddbel\.m2\repository\org\apache\logging\log4j\log4j-to-slf4j\2.24.3\log4j-to-slf4j-2.24.3.jar;C:\Users\ddbel\.m2\repository\org\apache\logging\log4j\log4j-api\2.24.3\log4j-api-2.24.3.jar;C:\Users\ddbel\.m2\repository\org\slf4j\jul-to-slf4j\2.0.17\jul-to-slf4j-2.0.17.jar;C:\Users\ddbel\.m2\repository\jakarta\annotation\jakarta.annotation-api\2.1.1\jakarta.annotation-api-2.1.1.jar;C:\Users\ddbel\.m2\repository\org\yaml\snakeyaml\2.4\snakeyaml-2.4.jar;C:\Users\ddbel\.m2\repository\org\springframework\boot\spring-boot-actuator-autoconfigure\3.5.6\spring-boot-actuator-autoconfigure-3.5.6.jar;C:\Users\ddbel\.m2\repository\org\springframework\boot\spring-boot-actuator\3.5.6\spring-boot-actuator-3.5.6.jar;C:\Users\ddbel\.m2\repository\com\fasterxml\jackson\core\jackson-databind\2.19.2\jackson-databind-2.19.2.jar;C:\Users\ddbel\.m2\repository\com\fasterxml\jackson\core\jackson-annotations\2.19.2\jackson-annotations-2.19.2.jar;C:\Users\ddbel\.m2\repository\com\fasterxml\jackson\core\jackson-core\2.19.2\jackson-core-2.19.2.jar;C:\Users\ddbel\.m2\repository\com\fasterxml\jackson\datatype\jackson-datatype-jsr310\2.19.2\jackson-datatype-jsr310-2.19.2.jar;C:\Users\ddbel\.m2\repository\io\micrometer\micrometer-observation\1.15.4\micrometer-observation-1.15.4.jar;C:\Users\ddbel\.m2\repository\io\micrometer\micrometer-commons\1.15.4\micrometer-commons-1.15.4.jar;C:\Use
Launcher Type: SUN_STANDARD

[Global flags]
     intx CICompilerCount                          = 4                                         {product} {ergonomic}
     uint ConcGCThreads                            = 2                                         {product} {ergonomic}
     uint G1ConcRefinementThreads                  = 8                                         {product} {ergonomic}
   size_t G1HeapRegionSize                         = 1048576                                   {product} {ergonomic}
    uintx GCDrainStackTargetSize                   = 64                                        {product} {ergonomic}
   size_t InitialHeapSize                          = 130023424                                 {product} {ergonomic}
   size_t MarkStackSize                            = 4194304                                   {product} {ergonomic}
   size_t MaxHeapSize                              = 2065694720                                {product} {ergonomic}
   size_t MaxNewSize                               = 1239416832                                {product} {ergonomic}
   size_t MinHeapDeltaBytes                        = 1048576                                   {product} {ergonomic}
   size_t MinHeapSize                              = 8388608                                   {product} {ergonomic}
    uintx NonNMethodCodeHeapSize                   = 5839372                                {pd product} {ergonomic}
    uintx NonProfiledCodeHeapSize                  = 122909434                              {pd product} {ergonomic}
    uintx ProfiledCodeHeapSize                     = 122909434                              {pd product} {ergonomic}
    uintx ReservedCodeCacheSize                    = 251658240                              {pd product} {ergonomic}
     bool SegmentedCodeCache                       = true                                      {product} {ergonomic}
   size_t SoftMaxHeapSize                          = 2065694720                             {manageable} {ergonomic}
     bool UseCompressedClassPointers               = true                           {product lp64_product} {ergonomic}
     bool UseCompressedOops                        = true                           {product lp64_product} {ergonomic}
     bool UseG1GC                                  = true                                      {product} {ergonomic}
     bool UseLargePagesIndividualAllocation        = false                                  {pd product} {ergonomic}

Logging:
Log output configuration:
 #0: stdout all=warning uptime,level,tags
 #1: stderr all=off uptime,level,tags

Environment Variables:
JAVA_HOME=C:\Program Files\Java\jdk-17
PATH=C:\Users\ddbel\AppData\Local\Programs\Python\Python39\Scripts\;C:\Users\ddbel\AppData\Local\Programs\Python\Python39\;C:\Pyhon\Scripts\;C:\Pyhon\;C:\Program Files\Common Files\Oracle\Java\javapath;C:\Program Files (x86)\Common Files\Oracle\Java\java8path;C:\Program Files (x86)\Common Files\Oracle\Java\javapath;C:\WINDOWS\system32;C:\WINDOWS;C:\WINDOWS\System32\Wbem;C:\WINDOWS\System32\WindowsPowerShell\v1.0\;C:\WINDOWS\System32\OpenSSH\;C:\xampp\php;C:\Program Files (x86)\Brackets\command;C:\wamp64\bin\php\php7.3.21;C:\composer;C:\Program Files\Git\cmd;C:\Program Files\Microsoft SQL Server\150\Tools\Binn\;C:\Program Files\Microsoft SQL Server\Client SDK\ODBC\170\Tools\Binn\;C:\Program Files\dotnet\;C:\Program Files (x86)\Microsoft SQL Server\150\Tools\Binn\;C:\Program Files\Microsoft SQL Server\150\DTS\Binn\;C:\Program Files (x86)\Microsoft SQL Server\150\DTS\Binn\;C:\Program Files\Azure Data Studio\bin;C:\Users\ddbel\AppData\Roaming\nvm;C:\Program Files\nodejs;C:\WINDOWS\system32;C:\WINDOWS;C:\WINDOWS\System32\Wbem;C:\WINDOWS\System32\WindowsPowerShell\v1.0\;C:\WINDOWS\System32\OpenSSH\;C:\Program Files\Java\jdk-17\bin;C:\Workspace\apache-maven-3.9.9-bin\apache-maven-3.9.9\bin;C:\Program Files\nodejs\;C:\Program Files\Docker\Docker\resources\bin;C:\Program Files (x86)\Microsoft SQL Server\160\Tools\Binn\;C:\Program Files\Microsoft SQL Server\160\Tools\Binn\;C:\Program Files\Microsoft SQL Server\160\DTS\Binn\;C:\Program Files (x86)\Microsoft SQL Server\160\DTS\Binn\;C:\Program Files\MySQL\MySQL Shell 8.0\bin\;C:\Users\ddbel\AppData\Local\Microsoft\WindowsApps;C:\Users\ddbel\AppData\Local\GitHubDesktop\bin;C:\Users\ddbel\AppData\Local\Programs\Microsoft VS Code\bin;C:\Users\ddbel\AppData\Roaming\Composer\vendor\bin;C:\AppServ\php5;C:\Program Files\heroku\bin;C:\Users\ddbel\.dotnet\tools;C:\Program Files\Azure Data Studio\bin;C:\Users\ddbel\AppData\Roaming\nvm;C:\Program Files\nodejs;C:\Program Files\JetBrains\IntelliJ IDEA Community Edition 2022.2.3\bin;;C:\Users\d
USERNAME=ddbel
OS=Windows_NT
PROCESSOR_IDENTIFIER=AMD64 Family 23 Model 24 Stepping 1, AuthenticAMD



---------------  S Y S T E M  ---------------

OS:
 Windows 11 , 64 bit Build 26100 (10.0.26100.6725)
OS uptime: 2 days 18:42 hours
Hyper-V role detected

CPU: total 8 (initial active 8) (8 cores per cpu, 2 threads per core) family 23 model 24 stepping 1 microcode 0x8108102, cx8, cmov, fxsr, ht, mmx, 3dnowpref, sse, sse2, sse3, ssse3, sse4a, sse4.1, sse4.2, popcnt, lzcnt, tsc, tscinvbit, avx, avx2, aes, clmul, bmi1, bmi2, adx, sha, fma, vzeroupper, clflush, clflushopt, hv

Memory: 4k page, system-wide physical 7874M (328M free)
TotalPageFile size 32450M (AvailPageFile size 15M)
current process WorkingSet (physical memory assigned to process): 260M, peak: 263M
current process commit charge ("private bytes"): 373M, peak: 375M

vm_info: Java HotSpot(TM) 64-Bit Server VM (17.0.12+8-LTS-286) for windows-amd64 JRE (17.0.12+8-LTS-286), built on Jun  5 2024 06:46:59 by "mach5one" with MS VC++ 17.6 (VS2022)

END.
